;  LST file generated by mikroListExporter - v.2.0 
; Date/Time: 3/12/2015 2:18:21 AM
;----------------------------------------------

;Address Opcode 	ASM
0x0000	0xF000EF65  	GOTO        202
0x0004	0x0000      	NOP
0x0006	0x0000      	NOP
0x0008	0xF000EF00  	GOTO        0
0x000C	0x0000      	NOP
0x000E	0x0000      	NOP
0x0010	0x0000      	NOP
0x0012	0x0000      	NOP
0x0014	0x0000      	NOP
0x0016	0x0000      	NOP
0x0018	0xD7F3      	BRA         0
_UART1_Write:
;__Lib_UART_c67.c,58 :: 		
;__Lib_UART_c67.c,59 :: 		
L_UART1_Write3:
0x001C	0xB2AC      	BTFSC       TXSTA, 1 
0x001E	0xD002      	BRA         L_UART1_Write4
;__Lib_UART_c67.c,60 :: 		
0x0020	0x0000      	NOP
0x0022	0xD7FC      	BRA         L_UART1_Write3
L_UART1_Write4:
;__Lib_UART_c67.c,61 :: 		
0x0024	0xFFADC05A  	MOVFF       FARG_UART1_Write_data_, TXREG
;__Lib_UART_c67.c,62 :: 		
L_end_UART1_Write:
0x0028	0x0012      	RETURN      0
; end of _UART1_Write
_UART1_Data_Ready:
;__Lib_UART_c67.c,34 :: 		
;__Lib_UART_c67.c,35 :: 		
0x002A	0x0E00      	MOVLW       0
0x002C	0xBA9E      	BTFSC       PIR1, 5 
0x002E	0x0E01      	MOVLW       1
0x0030	0x6E00      	MOVWF       R0 
;__Lib_UART_c67.c,36 :: 		
L_end_UART1_Data_Ready:
0x0032	0x0012      	RETURN      0
; end of _UART1_Data_Ready
_UART1_Write_Text:
;__Lib_UART_c67.c,66 :: 		
;__Lib_UART_c67.c,67 :: 		
0x0034	0x6A59      	CLRF        UART1_Write_Text_counter_L0 
;__Lib_UART_c67.c,69 :: 		
0x0036	0xFFE9C056  	MOVFF       FARG_UART1_Write_Text_uart_text, FSR0L
0x003A	0xFFEAC057  	MOVFF       FARG_UART1_Write_Text_uart_text+1, FSR0H
0x003E	0xF058CFEE  	MOVFF       POSTINC0, UART1_Write_Text_data__L0
;__Lib_UART_c67.c,70 :: 		
L_UART1_Write_Text5:
0x0042	0x5058      	MOVF        UART1_Write_Text_data__L0, 0 
0x0044	0x0A00      	XORLW       0
0x0046	0xE00D      	BZ          L_UART1_Write_Text6
;__Lib_UART_c67.c,71 :: 		
0x0048	0xF05AC058  	MOVFF       UART1_Write_Text_data__L0, FARG_UART1_Write_data_
0x004C	0xDFE7      	RCALL       _UART1_Write
;__Lib_UART_c67.c,72 :: 		
0x004E	0x2A59      	INCF        UART1_Write_Text_counter_L0, 1 
;__Lib_UART_c67.c,73 :: 		
0x0050	0x5059      	MOVF        UART1_Write_Text_counter_L0, 0 
0x0052	0x2456      	ADDWF       FARG_UART1_Write_Text_uart_text, 0 
0x0054	0x6EE9      	MOVWF       FSR0L 
0x0056	0x0E00      	MOVLW       0
0x0058	0x2057      	ADDWFC      FARG_UART1_Write_Text_uart_text+1, 0 
0x005A	0x6EEA      	MOVWF       FSR0H 
0x005C	0xF058CFEE  	MOVFF       POSTINC0, UART1_Write_Text_data__L0
;__Lib_UART_c67.c,74 :: 		
0x0060	0xD7F0      	BRA         L_UART1_Write_Text5
L_UART1_Write_Text6:
;__Lib_UART_c67.c,75 :: 		
L_end_UART1_Write_Text:
0x0062	0x0012      	RETURN      0
; end of _UART1_Write_Text
___CC2DW:
;__Lib_System.c,21 :: 		
;__Lib_System.c,23 :: 		
_CC2DL_Loop1:
;__Lib_System.c,24 :: 		
0x0064	0x0009      	TBLRD*+
;__Lib_System.c,25 :: 		
0x0066	0xFFE6CFF5  	MOVFF       TABLAT, POSTINC1
;__Lib_System.c,26 :: 		
0x006A	0x0600      	DECF        R0, 1, 0
;__Lib_System.c,27 :: 		
0x006C	0xE1FB      	BNZ         _CC2DL_Loop1
;__Lib_System.c,28 :: 		
0x006E	0x0601      	DECF        R1, 1, 0
;__Lib_System.c,29 :: 		
0x0070	0xE1F9      	BNZ         _CC2DL_Loop1
;__Lib_System.c,31 :: 		
L_end___CC2DW:
0x0072	0x0012      	RETURN      0
; end of ___CC2DW
_UART1_Init:
;__Lib_UART_c67.c,15 :: 		
;__Lib_UART_c67.c,18 :: 		
0x0074	0x0E1C      	MOVLW       _UART1_Write
0x0076	0x6E46      	MOVWF       _UART_Wr_Ptr 
0x0078	0x0E00      	MOVLW       hi_addr(_UART1_Write)
0x007A	0x6E47      	MOVWF       _UART_Wr_Ptr+1 
0x007C	0x0E5A      	MOVLW       FARG_UART1_Write_data_
0x007E	0x6E48      	MOVWF       _UART_Wr_Ptr+2 
0x0080	0x0E00      	MOVLW       hi_addr(FARG_UART1_Write_data_)
0x0082	0x6E49      	MOVWF       _UART_Wr_Ptr+3 
;__Lib_UART_c67.c,19 :: 		
0x0084	0x0EFF      	MOVLW       _UART1_Read
0x0086	0x6E4A      	MOVWF       _UART_Rd_Ptr 
0x0088	0x0EFF      	MOVLW       hi_addr(_UART1_Read)
0x008A	0x6E4B      	MOVWF       _UART_Rd_Ptr+1 
0x008C	0x0E00      	MOVLW       0
0x008E	0x6E4C      	MOVWF       _UART_Rd_Ptr+2 
0x0090	0x0E00      	MOVLW       0
0x0092	0x6E4D      	MOVWF       _UART_Rd_Ptr+3 
;__Lib_UART_c67.c,20 :: 		
0x0094	0x0E2A      	MOVLW       _UART1_Data_Ready
0x0096	0x6E4E      	MOVWF       _UART_Rdy_Ptr 
0x0098	0x0E00      	MOVLW       hi_addr(_UART1_Data_Ready)
0x009A	0x6E4F      	MOVWF       _UART_Rdy_Ptr+1 
0x009C	0x0E00      	MOVLW       0
0x009E	0x6E50      	MOVWF       _UART_Rdy_Ptr+2 
0x00A0	0x0E00      	MOVLW       0
0x00A2	0x6E51      	MOVWF       _UART_Rdy_Ptr+3 
;__Lib_UART_c67.c,21 :: 		
0x00A4	0x0EFF      	MOVLW       _UART1_Tx_Idle
0x00A6	0x6E52      	MOVWF       _UART_Tx_Idle_Ptr 
0x00A8	0x0EFF      	MOVLW       hi_addr(_UART1_Tx_Idle)
0x00AA	0x6E53      	MOVWF       _UART_Tx_Idle_Ptr+1 
0x00AC	0x0E00      	MOVLW       0
0x00AE	0x6E54      	MOVWF       _UART_Tx_Idle_Ptr+2 
0x00B0	0x0E00      	MOVLW       0
0x00B2	0x6E55      	MOVWF       _UART_Tx_Idle_Ptr+3 
;__Lib_UART_c67.c,23 :: 		
0x00B4	0x8AAC      	BSF         TXSTA, 5 
;__Lib_UART_c67.c,24 :: 		
0x00B6	0x0E90      	MOVLW       144
0x00B8	0x6EAB      	MOVWF       RCSTA 
;__Lib_UART_c67.c,25 :: 		
0x00BA	0x8E94      	BSF         TRISC7_bit, 7 
;__Lib_UART_c67.c,26 :: 		
0x00BC	0x9C94      	BCF         TRISC6_bit, 6 
;__Lib_UART_c67.c,28 :: 		
L_UART1_Init0:
0x00BE	0xAA9E      	BTFSS       PIR1, 5 
0x00C0	0xD003      	BRA         L_UART1_Init1
;__Lib_UART_c67.c,29 :: 		
0x00C2	0xF000CFAE  	MOVFF       RCREG, R0
0x00C6	0xD7FB      	BRA         L_UART1_Init0
L_UART1_Init1:
;__Lib_UART_c67.c,30 :: 		
L_end_UART1_Init:
0x00C8	0x0012      	RETURN      0
; end of _UART1_Init
_main:
0x00CA	0xF000ECCF  	CALL        414, 0
;EUART.c,6 :: 		void main(void)
;EUART.c,8 :: 		TRISC = 0b11000000;
0x00CE	0x0EC0      	MOVLW       192
0x00D0	0x6E94      	MOVWF       TRISC 
;EUART.c,9 :: 		PORTC.RC0 = 0;
0x00D2	0x9082      	BCF         PORTC, 0 
;EUART.c,10 :: 		PORTC.RC1 = 0;
0x00D4	0x9282      	BCF         PORTC, 1 
;EUART.c,11 :: 		PORTC.RC2 = 0;
0x00D6	0x9482      	BCF         PORTC, 2 
;EUART.c,12 :: 		PORTC.RC4 = 0;
0x00D8	0x9882      	BCF         PORTC, 4 
;EUART.c,13 :: 		PORTC.RC5 = 0;
0x00DA	0x9A82      	BCF         PORTC, 5 
;EUART.c,15 :: 		UART1_Init(9600);
0x00DC	0x86B8      	BSF         BAUDCON, 3, 0
0x00DE	0x0E02      	MOVLW       2
0x00E0	0x6EB0      	MOVWF       SPBRGH 
0x00E2	0x0E08      	MOVLW       8
0x00E4	0x6EAF      	MOVWF       SPBRG 
0x00E6	0x84AC      	BSF         TXSTA, 2, 0
0x00E8	0xDFC5      	RCALL       _UART1_Init
;EUART.c,16 :: 		BAUDCON.TXCKP = 1; //Tx Data is inverted
0x00EA	0x88B8      	BSF         BAUDCON, 4 
;EUART.c,17 :: 		BAUDCON.RXDTP = 1; //Rx Data is inverted
0x00EC	0x8AB8      	BSF         BAUDCON, 5 
;EUART.c,18 :: 		Delay_ms(100);
0x00EE	0x0E03      	MOVLW       3
0x00F0	0x6E0B      	MOVWF       R11, 0
0x00F2	0x0E8A      	MOVLW       138
0x00F4	0x6E0C      	MOVWF       R12, 0
0x00F6	0x0E55      	MOVLW       85
0x00F8	0x6E0D      	MOVWF       R13, 0
L_main0:
0x00FA	0x2E0D      	DECFSZ      R13, 1, 0
0x00FC	0xD7FE      	BRA         L_main0
0x00FE	0x2E0C      	DECFSZ      R12, 1, 0
0x0100	0xD7FC      	BRA         L_main0
0x0102	0x2E0B      	DECFSZ      R11, 1, 0
0x0104	0xD7FA      	BRA         L_main0
0x0106	0x0000      	NOP
0x0108	0x0000      	NOP
;EUART.c,19 :: 		while(1){
L_main1:
;EUART.c,20 :: 		while(!UART1_Data_Ready()){}
L_main3:
0x010A	0xDF8F      	RCALL       _UART1_Data_Ready
0x010C	0x5200      	MOVF        R0, 1 
0x010E	0xE101      	BNZ         L_main4
0x0110	0xD7FC      	BRA         L_main3
L_main4:
;EUART.c,24 :: 		dataRx = RCREG;
0x0112	0xF029CFAE  	MOVFF       RCREG, _dataRx
;EUART.c,25 :: 		if(dataRx == 0x41)   // "A"
0x0116	0x5029      	MOVF        _dataRx, 0 
0x0118	0x0A41      	XORLW       65
0x011A	0xE10C      	BNZ         L_main5
;EUART.c,27 :: 		UART1_Write_Text(data1);
0x011C	0x0E2A      	MOVLW       _data1
0x011E	0x6E56      	MOVWF       FARG_UART1_Write_Text_uart_text 
0x0120	0x0E00      	MOVLW       hi_addr(_data1)
0x0122	0x6E57      	MOVWF       FARG_UART1_Write_Text_uart_text+1 
0x0124	0xDF87      	RCALL       _UART1_Write_Text
;EUART.c,28 :: 		UART1_Write(13);
0x0126	0x0E0D      	MOVLW       13
0x0128	0x6E5A      	MOVWF       FARG_UART1_Write_data_ 
0x012A	0xDF78      	RCALL       _UART1_Write
;EUART.c,29 :: 		UART1_Write(10);
0x012C	0x0E0A      	MOVLW       10
0x012E	0x6E5A      	MOVWF       FARG_UART1_Write_data_ 
0x0130	0xDF75      	RCALL       _UART1_Write
;EUART.c,30 :: 		}
0x0132	0xD01A      	BRA         L_main6
L_main5:
;EUART.c,31 :: 		else if(dataRx == 0x42)    // "B"
0x0134	0x5029      	MOVF        _dataRx, 0 
0x0136	0x0A42      	XORLW       66
0x0138	0xE10C      	BNZ         L_main7
;EUART.c,33 :: 		UART1_Write_Text(data2);
0x013A	0x0E38      	MOVLW       _data2
0x013C	0x6E56      	MOVWF       FARG_UART1_Write_Text_uart_text 
0x013E	0x0E00      	MOVLW       hi_addr(_data2)
0x0140	0x6E57      	MOVWF       FARG_UART1_Write_Text_uart_text+1 
0x0142	0xDF78      	RCALL       _UART1_Write_Text
;EUART.c,34 :: 		UART1_Write(13);
0x0144	0x0E0D      	MOVLW       13
0x0146	0x6E5A      	MOVWF       FARG_UART1_Write_data_ 
0x0148	0xDF69      	RCALL       _UART1_Write
;EUART.c,35 :: 		UART1_Write(10);
0x014A	0x0E0A      	MOVLW       10
0x014C	0x6E5A      	MOVWF       FARG_UART1_Write_data_ 
0x014E	0xDF66      	RCALL       _UART1_Write
;EUART.c,36 :: 		}
0x0150	0xD00B      	BRA         L_main8
L_main7:
;EUART.c,39 :: 		UART1_Write_Text(uhOh);
0x0152	0x0E15      	MOVLW       _uhOh
0x0154	0x6E56      	MOVWF       FARG_UART1_Write_Text_uart_text 
0x0156	0x0E00      	MOVLW       hi_addr(_uhOh)
0x0158	0x6E57      	MOVWF       FARG_UART1_Write_Text_uart_text+1 
0x015A	0xDF6C      	RCALL       _UART1_Write_Text
;EUART.c,40 :: 		UART1_Write(13);
0x015C	0x0E0D      	MOVLW       13
0x015E	0x6E5A      	MOVWF       FARG_UART1_Write_data_ 
0x0160	0xDF5D      	RCALL       _UART1_Write
;EUART.c,41 :: 		UART1_Write(10);
0x0162	0x0E0A      	MOVLW       10
0x0164	0x6E5A      	MOVWF       FARG_UART1_Write_data_ 
0x0166	0xDF5A      	RCALL       _UART1_Write
;EUART.c,42 :: 		}
L_main8:
L_main6:
;EUART.c,43 :: 		}
0x0168	0xD7D0      	BRA         L_main1
;EUART.c,44 :: 		}
L_end_main:
0x016A	0xD7FF      	BRA         $+0
; end of _main
0x019E	0xF015EE10  	LFSR        1, 21
0x01A2	0x0E31      	MOVLW       49
0x01A4	0x6E00      	MOVWF       R0 
0x01A6	0x0E01      	MOVLW       1
0x01A8	0x6E01      	MOVWF       R1 
0x01AA	0x0E6C      	MOVLW       108
0x01AC	0x6EF6      	MOVWF       4086 
0x01AE	0x0E01      	MOVLW       1
0x01B0	0x6EF7      	MOVWF       TBLPTRH 
0x01B2	0x0E00      	MOVLW       0
0x01B4	0x6EF8      	MOVWF       TBLPTRU 
0x01B6	0xF000EC32  	CALL        100, 0
0x01BA	0x0012      	RETURN      0
;EUART.c,0 :: ?ICS_uhOh
0x016C	0x2049 ;?ICS_uhOh+0
0x016E	0x6F64 ;?ICS_uhOh+2
0x0170	0x276E ;?ICS_uhOh+4
0x0172	0x2074 ;?ICS_uhOh+6
0x0174	0x6E75 ;?ICS_uhOh+8
0x0176	0x6564 ;?ICS_uhOh+10
0x0178	0x7372 ;?ICS_uhOh+12
0x017A	0x6174 ;?ICS_uhOh+14
0x017C	0x646E ;?ICS_uhOh+16
0x017E	0x0021 ;?ICS_uhOh+18
; end of ?ICS_uhOh
;EUART.c,0 :: ?ICS_dataRx
0x0180	0x00 ;?ICS_dataRx+0
; end of ?ICS_dataRx
;EUART.c,0 :: ?ICS_data1
0x0181	0x6F59 ;?ICS_data1+0
0x0183	0x2075 ;?ICS_data1+2
0x0185	0x7974 ;?ICS_data1+4
0x0187	0x6570 ;?ICS_data1+6
0x0189	0x2064 ;?ICS_data1+8
0x018B	0x4127 ;?ICS_data1+10
0x018D	0x0027 ;?ICS_data1+12
; end of ?ICS_data1
;EUART.c,0 :: ?ICS_data2
0x018F	0x6F59 ;?ICS_data2+0
0x0191	0x2075 ;?ICS_data2+2
0x0193	0x7974 ;?ICS_data2+4
0x0195	0x6570 ;?ICS_data2+6
0x0197	0x2064 ;?ICS_data2+8
0x0199	0x4227 ;?ICS_data2+10
0x019B	0x0027 ;?ICS_data2+12
; end of ?ICS_data2
Symbol List:
//** Routines locations **
//ADDRESS    SIZE    PROCEDURE
//----------------------------------------------
0x001C      [14]    _UART1_Write
0x002A      [10]    _UART1_Data_Ready
0x0034      [48]    _UART1_Write_Text
0x0064      [16]    ___CC2DW
0x0074      [86]    _UART1_Init
0x00CA     [162]    _main
//** Variables locations ** 
//ADDRESS    SIZE    VARIABLE
//----------------------------------------------
0x0000       [1]    SPI1_Write_tmp_L0
0x0000       [1]    EEPROM_Write_SaveINTCON_L0
0x0000       [1]    UART1_Init_tmp_L0
0x0000       [1]    __Lib_SoftI2C_PutZerosToLATScl_temp_scl_L0
0x0000       [1]    __Lib_SoftI2C_PutZerosToLATSda_temp_sda_L0
0x0000       [1]    FLASH_Erase_64_SaveINTCON_L0
0x0000       [1]    R0
0x0001       [1]    __Lib_PS2_Wait_Falling_nsample_L0
0x0001       [1]    R1
0x0001       [1]    __Lib_TFT_16bit_JPEG_FileReadBytes_Result_L0
0x0001       [1]    __Lib_TFT_16bit_JPEG_FileRead_i_L0
0x0001       [1]    I2C1_Rd_tmp_L0
0x0001       [1]    UART1_Read___tmp_UART1_Read_L0
0x0001       [1]    FLASH_Write_32_i_L0
0x0001       [1]    __Lib_TFT_JPEG_FileRead_i_L0
0x0001       [1]    __Lib_TFT_JPEG_FileReadBytes_Result_L0
0x0001       [1]    FLASH_Erase_Write_64_i_L0
0x0001       [1]    ispunct_rslt_L0
0x0001       [2]    FLASH_Read_N_Bytes_i_L0
0x0002       [2]    __Lib_USB_genHID_memset_usb_pp_L0
0x0002       [2]    memchr_s_L0
0x0002       [2]    __Lib_USB_genHID_memset_usb_int_pp_L0
0x0002       [2]    memset_pp_L0
0x0002       [2]    memcpy_dd_L0
0x0002       [1]    FLASH_Erase_Write_64_j_L0
0x0002       [1]    R2
0x0002       [2]    strlen_cp_L0
0x0002       [1]    __Lib_USB_genHID_USB_CtrlTrf_Rx_Service_byteToRead_L0
0x0002       [1]    FLASH_Write_32_SaveINTCON_L0
0x0003       [2]    memmove_tt_L0
0x0003       [2]    __Lib_USB_genHID_USB_CtrlTrf_Tx_Service_byteToSend_L0
0x0003       [1]    FLASH_Erase_Write_64_SaveINTCON_L0
0x0003       [1]    R3
0x0003       [1]    MM_Init_i_L0
0x0003       [2]    MM_TotalFreeMemSize_Tot_L0
0x0003       [2]    Ltrim_original_L0
0x0003       [1]    __Lib_USB_genHID_USB_CtrlTrf_Rx_Service_i_L0
0x0003       [2]    __Lib_MmcFat16_f16_toInt_l_L0
0x0004       [2]    __Lib_MemManager_MM_GetMemAlign_P_L0
0x0004       [2]    strncat_cp_L0
0x0004       [2]    strcat_cp_L0
0x0004       [2]    __Lib_USB_genHID_USB_Transfer_Packet_handle_L0
0x0004       [2]    __Lib_USB_genHID_USB_Transfer_Packet_Int_handle_L0
0x0004       [1]    R4
0x0004       [2]    memcpy_ss_L0
0x0004       [2]    frexp_pom_L0
0x0004       [2]    strncpy_cp_L0
0x0004       [2]    strcpy_cp_L0
0x0004       [2]    __Lib_USB_genHID_USB_Get_Status_Handler_p_L2
0x0004       [2]    __Lib_USB_genHID_USB_Std_Feature_Req_Handler_p_L0
0x0005       [2]    memmove_ff_L0
0x0005       [2]    __Lib_USB_genHID_USB_Configure_Endpoint_handle_L0
0x0005       [2]    LongWordToHex_input_half_L0
0x0005       [2]    Ltrim_p_L0
0x0005       [1]    R5
0x0005       [1]    MM_TotalFreeMemSize_i_L0
0x0005       [2]    LongIntToHex_input_half_L0
0x0006       [1]    __Lib_MemManager_MM_GetMemAlign_i_L0
0x0006       [1]    R6
0x0007       [1]    __Lib_TFT_JPEG_GenerateHuffmanTables_bLength_L0
0x0007       [1]    R7
0x0007       [1]    __Lib_TFT_16bit_JPEG_GenerateHuffmanTables_bLength_L0
0x0008       [1]    __Lib_TFT_16bit_JPEG_GenerateHuffmanTables_bTable_L0
0x0008       [1]    R8
0x0008       [1]    __Lib_TFT_JPEG_GenerateHuffmanTables_bTable_L0
0x0009       [4]    __Lib_MmcFat16_f16_toLong_l_L0
0x0009       [1]    R9
0x000A       [1]    R10
0x000B       [1]    R11
0x000C       [1]    R12
0x000D       [1]    R13
0x000E       [1]    R14
0x000F       [1]    R15
0x0010       [1]    R16
0x0011       [1]    R17
0x0012       [1]    R18
0x0013       [1]    R19
0x0014       [1]    R20
0x0015      [20]    _uhOh
0x0029       [1]    _dataRx
0x002A      [14]    _data1
0x0038      [14]    _data2
0x0046       [4]    _UART_Wr_Ptr
0x004A       [4]    _UART_Rd_Ptr
0x004E       [4]    _UART_Rdy_Ptr
0x0052       [4]    _UART_Tx_Idle_Ptr
0x0056       [2]    FARG_UART1_Write_Text_uart_text
0x0058       [1]    UART1_Write_Text_data__L0
0x0059       [1]    UART1_Write_Text_counter_L0
0x005A       [1]    FARG_UART1_Write_data_
0x0F82       [1]    PORTC
0x0F94       [0]    TRISC7_bit
0x0F94       [1]    TRISC
0x0F94       [0]    TRISC6_bit
0x0F9E       [1]    PIR1
0x0FAB       [1]    RCSTA
0x0FAC       [1]    TXSTA
0x0FAD       [1]    TXREG
0x0FAE       [1]    RCREG
0x0FAF       [1]    SPBRG
0x0FB0       [1]    SPBRGH
0x0FB8       [1]    BAUDCON
0x0FD8       [1]    STATUS
0x0FD9       [1]    FSR2L
0x0FDA       [1]    FSR2H
0x0FDE       [1]    POSTINC2
0x0FE0       [1]    BSR
0x0FE1       [1]    FSR1L
0x0FE2       [1]    FSR1H
0x0FE4       [1]    PREINC1
0x0FE6       [1]    POSTINC1
0x0FE7       [1]    INDF1
0x0FE8       [1]    WREG
0x0FE9       [1]    FSR0L
0x0FEA       [1]    FSR0H
0x0FEE       [1]    POSTINC0
0x0FF3       [1]    PRODL
0x0FF4       [1]    PRODH
0x0FF5       [1]    TABLAT
0x0FF6       [1]    TBLPTRL
0x0FF7       [1]    TBLPTRH
0x0FF8       [1]    TBLPTRU
//** Constants locations ** 
//ADDRESS    SIZE    CONSTANT
//----------------------------------------------
0x016C      [20]    ?ICS_uhOh
0x0180       [1]    ?ICS_dataRx
0x0181      [14]    ?ICS_data1
0x018F      [14]    ?ICS_data2
//** Label List: ** 
//----------------------------------------------
  L_main0
  L_main1
  L_main2
  L_main3
  L_main4
  L_main5
  L_main6
  L_main7
  L_main8
  L_end_main
  _main
  _CC2D_Loop1
  _CC2DL_Loop1
  L_loopCA2AWs
  L_loopCCA2AWs
  L_loopCS2Ss
  L_CS2Send
  L_loopCCS2Ss
  L_CCS2Send
  L_loopFZinSWs
  L_longjmp7
  L_end___CC2D
  ___CC2D
  L_end___CC2DW
  ___CC2DW
  L_end___CA2AW
  ___CA2AW
  L_end___CCA2AW
  ___CCA2AW
  L_end___CS2S
  ___CS2S
  L_end___CCS2S
  ___CCS2S
  L_end___FZinS
  ___FZinS
  L_end_____DoIFC
  _____DoIFC
  L_end_Swap
  _Swap
  L_end_setjmp
  _setjmp
  L_end_longjmp
  _longjmp
  L_UART1_Init0
  L_UART1_Init1
  L_UART1_Read2
  L_UART1_Write3
  L_UART1_Write4
  L_UART1_Write_Text5
  L_UART1_Write_Text6
  L_UART1_Read_Text7
  L_UART1_Read_Text8
  L_UART1_Read_Text9
  L_UART1_Read_Text10
  L_UART1_Read_Text11
  L_UART1_Read_Text12
  L_UART1_Read_Text13
  L_UART1_Read_Text14
  L_UART1_Read_Text15
  L_UART_Write_Text16
  L_UART_Write_Text17
  L_UART_Read_Text18
  L_UART_Read_Text19
  L_UART_Read_Text20
  L_UART_Read_Text21
  L_UART_Read_Text22
  L_UART_Read_Text23
  L_UART_Read_Text24
  L_UART_Read_Text25
  L_UART_Read_Text26
  L_end_UART1_Init
  _UART1_Init
  L_end_UART1_Data_Ready
  _UART1_Data_Ready
  L_end_UART1_Read
  _UART1_Read
  L_end_UART1_Tx_Idle
  _UART1_Tx_Idle
  L_end_UART1_Write
  _UART1_Write
  L_end_UART1_Write_Text
  _UART1_Write_Text
  L_end_UART1_Read_Text
  _UART1_Read_Text
  L_end_UART_Set_Active
  _UART_Set_Active
  L_end_UART_Write
  _UART_Write
  L_end_UART_Write_Text
  _UART_Write_Text
  L_end_UART_Read
  _UART_Read
  L_end_UART_Data_Ready
  _UART_Data_Ready
  L_end_UART_Read_Text
  _UART_Read_Text
  L_end_UART_Tx_Idle
  _UART_Tx_Idle
