;  LST file generated by mikroListExporter - v.2.0 
; Date/Time: 12/15/2014 2:07:18 AM
;----------------------------------------------

;Address Opcode 	ASM
0x0000	0xF000EFA5  	GOTO        330
_interrupt:
;POV.c,295 :: 		void interrupt(void){
0x0008	0xF016C000  	MOVFF       R0, 22
0x000C	0xF015C001  	MOVFF       R1, 21
;POV.c,298 :: 		INTCON.TMR0IE = 0;//TMR0 Overflow Interrupt Enable
0x0010	0x9AF2      	BCF         INTCON, 5 
;POV.c,300 :: 		if(INTCON.TMR0IF){
0x0012	0xA4F2      	BTFSS       INTCON, 2 
0x0014	0xD023      	BRA         L_interrupt4
;POV.c,301 :: 		for(i=0; i<MsgLen; i++)printLetter(Msg[i]);
0x0016	0x0100      	MOVLB       0
0x0018	0x6B6D      	CLRF        interrupt_i_L0, 1
0x001A	0x6B6E      	CLRF        interrupt_i_L0+1, 1
L_interrupt5:
0x001C	0x0E80      	MOVLW       128
0x001E	0x196E      	XORWF       interrupt_i_L0+1, 0, 1
0x0020	0x6E00      	MOVWF       R0 
0x0022	0x0E80      	MOVLW       128
0x0024	0x181E      	XORWF       _MsgLen+1, 0 
0x0026	0x5C00      	SUBWF       R0, 0 
0x0028	0xE102      	BNZ         L__interrupt17
0x002A	0x501D      	MOVF        _MsgLen, 0 
0x002C	0x5D6D      	SUBWF       interrupt_i_L0, 0, 1
L__interrupt17:
0x002E	0xE216      	BC          L_interrupt6
0x0030	0xF000C06D  	MOVFF       interrupt_i_L0, R0
0x0034	0xF001C06E  	MOVFF       interrupt_i_L0+1, R1
0x0038	0x3600      	RLCF        R0, 1 
0x003A	0x9000      	BCF         R0, 0 
0x003C	0x3601      	RLCF        R1, 1 
0x003E	0x0E1F      	MOVLW       _Msg
0x0040	0x2400      	ADDWF       R0, 0 
0x0042	0x6EE9      	MOVWF       FSR0L 
0x0044	0x0E00      	MOVLW       hi_addr(_Msg)
0x0046	0x2001      	ADDWFC      R1, 0 
0x0048	0x6EEA      	MOVWF       FSR0H 
0x004A	0xF06FCFEE  	MOVFF       POSTINC0, FARG_printLetter_letter
0x004E	0xF070CFEE  	MOVFF       POSTINC0, FARG_printLetter_letter+1
0x0052	0xD820      	RCALL       _printLetter
0x0054	0x0100      	MOVLB       0
0x0056	0x4B6D      	INFSNZ      interrupt_i_L0, 1, 1
0x0058	0x2B6E      	INCF        interrupt_i_L0+1, 1, 1
0x005A	0xD7E0      	BRA         L_interrupt5
L_interrupt6:
;POV.c,302 :: 		}
L_interrupt4:
;POV.c,304 :: 		INTCON.TMR0IF = 0;
0x005C	0x94F2      	BCF         INTCON, 2 
;POV.c,306 :: 		INTCON.TMR0IE = 1;//TMR0 Overflow Interrupt Enable
0x005E	0x8AF2      	BSF         INTCON, 5 
;POV.c,307 :: 		}
L_end_interrupt:
L__interrupt16:
0x0060	0xF000C016  	MOVFF       22, R0
0x0064	0xF001C015  	MOVFF       21, R1
0x0068	0x0011      	RETFIE      1
; end of _interrupt
_init:
;POV.c,252 :: 		void init(void){
;POV.c,256 :: 		TRISA.RA0 = 0;
0x006A	0x9092      	BCF         TRISA, 0 
;POV.c,257 :: 		TRISA.RA1 = 0;
0x006C	0x9292      	BCF         TRISA, 1 
;POV.c,258 :: 		TRISA.RA2 = 0;
0x006E	0x9492      	BCF         TRISA, 2 
;POV.c,259 :: 		TRISA.RA3 = 0;
0x0070	0x9692      	BCF         TRISA, 3 
;POV.c,260 :: 		TRISA.RA4 = 0;
0x0072	0x9892      	BCF         TRISA, 4 
;POV.c,261 :: 		TRISA.RA5 = 0;
0x0074	0x9A92      	BCF         TRISA, 5 
;POV.c,263 :: 		TRISC.RC0 = 0;
0x0076	0x9094      	BCF         TRISC, 0 
;POV.c,264 :: 		TRISC.RC1 = 0;
0x0078	0x9294      	BCF         TRISC, 1 
;POV.c,266 :: 		T0CON.TMR0ON = 0; //Off
0x007A	0x9ED5      	BCF         T0CON, 7 
;POV.c,267 :: 		T0CON.T08BIT = 0; //16 bit
0x007C	0x9CD5      	BCF         T0CON, 6 
;POV.c,268 :: 		T0CON.T0CS = 0;//Internal instruction cycle clock (CLKO)
0x007E	0x9AD5      	BCF         T0CON, 5 
;POV.c,269 :: 		T0CON.T0SE = 0;//Rising Edge
0x0080	0x98D5      	BCF         T0CON, 4 
;POV.c,270 :: 		T0CON.PSA = 0;//Timer0 clock input comes from prescaler output.
0x0082	0x96D5      	BCF         T0CON, 3 
;POV.c,271 :: 		T0CON.T0PS2 = 0; //Prescaler 256
0x0084	0x94D5      	BCF         T0CON, 2 
;POV.c,272 :: 		T0CON.T0PS1 = 1;
0x0086	0x82D5      	BSF         T0CON, 1 
;POV.c,273 :: 		T0CON.T0PS0 = 0;
0x0088	0x90D5      	BCF         T0CON, 0 
;POV.c,275 :: 		INTCON.GIE = 1;//Global Interrupt Enable
0x008A	0x8EF2      	BSF         INTCON, 7 
;POV.c,276 :: 		INTCON.PEIE = 0;//Peripheral Interrupt Disable
0x008C	0x9CF2      	BCF         INTCON, 6 
;POV.c,277 :: 		INTCON.INT0IE = 0;//INT0 External Interrupt Disable
0x008E	0x98F2      	BCF         INTCON, 4 
;POV.c,278 :: 		INTCON.TMR0IE = 1;//TMR0 Overflow Interrupt Enable
0x0090	0x8AF2      	BSF         INTCON, 5 
;POV.c,280 :: 		return;
;POV.c,281 :: 		}
L_end_init:
0x0092	0x0012      	RETURN      0
; end of _init
_printLetter:
;POV.c,284 :: 		void printLetter(int * letter){
;POV.c,286 :: 		for(i=1; i<letter[0]; i++){
0x0094	0x0E01      	MOVLW       1
0x0096	0x6E05      	MOVWF       R5 
0x0098	0x0E00      	MOVLW       0
0x009A	0x6E06      	MOVWF       R6 
L_printLetter0:
0x009C	0xFFE9C06F  	MOVFF       FARG_printLetter_letter, FSR0L
0x00A0	0xFFEAC070  	MOVFF       FARG_printLetter_letter+1, FSR0H
0x00A4	0xF001CFEE  	MOVFF       POSTINC0, R1
0x00A8	0xF002CFEE  	MOVFF       POSTINC0, R2
0x00AC	0x0E80      	MOVLW       128
0x00AE	0x1806      	XORWF       R6, 0 
0x00B0	0x6E00      	MOVWF       R0 
0x00B2	0x0E80      	MOVLW       128
0x00B4	0x1802      	XORWF       R2, 0 
0x00B6	0x5C00      	SUBWF       R0, 0 
0x00B8	0xE102      	BNZ         L__printLetter12
0x00BA	0x5001      	MOVF        R1, 0 
0x00BC	0x5C05      	SUBWF       R5, 0 
L__printLetter12:
0x00BE	0xE23C      	BC          L_printLetter1
;POV.c,287 :: 		PORTA = letter[i] & 0x3F;
0x00C0	0xF000C005  	MOVFF       R5, R0
0x00C4	0xF001C006  	MOVFF       R6, R1
0x00C8	0x3600      	RLCF        R0, 1 
0x00CA	0x9000      	BCF         R0, 0 
0x00CC	0x3601      	RLCF        R1, 1 
0x00CE	0x0100      	MOVLB       0
0x00D0	0x516F      	MOVF        FARG_printLetter_letter, 0, 1
0x00D2	0x2600      	ADDWF       R0, 1 
0x00D4	0x5170      	MOVF        FARG_printLetter_letter+1, 0, 1
0x00D6	0x2201      	ADDWFC      R1, 1 
0x00D8	0xFFE9C000  	MOVFF       R0, FSR0L
0x00DC	0xFFEAC001  	MOVFF       R1, FSR0H
0x00E0	0x0E3F      	MOVLW       63
0x00E2	0x14EE      	ANDWF       POSTINC0, 0 
0x00E4	0x6E80      	MOVWF       PORTA 
;POV.c,288 :: 		PORTC = (letter[i]&0xC0)>>6;
0x00E6	0xFFE9C000  	MOVFF       R0, FSR0L
0x00EA	0xFFEAC001  	MOVFF       R1, FSR0H
0x00EE	0x0EC0      	MOVLW       192
0x00F0	0x14EE      	ANDWF       POSTINC0, 0 
0x00F2	0x6E03      	MOVWF       R3 
0x00F4	0xF004CFEE  	MOVFF       POSTINC0, R4
0x00F8	0x0E00      	MOVLW       0
0x00FA	0x1604      	ANDWF       R4, 1 
0x00FC	0x0E06      	MOVLW       6
0x00FE	0x6E02      	MOVWF       R2 
0x0100	0xF000C003  	MOVFF       R3, R0
0x0104	0xF001C004  	MOVFF       R4, R1
0x0108	0x5002      	MOVF        R2, 0 
L__printLetter13:
0x010A	0xE007      	BZ          L__printLetter14
0x010C	0x3201      	RRCF        R1, 1 
0x010E	0x3200      	RRCF        R0, 1 
0x0110	0x9E01      	BCF         R1, 7 
0x0112	0xBC01      	BTFSC       R1, 6 
0x0114	0x8E01      	BSF         R1, 7 
0x0116	0x0FFF      	ADDLW       255
0x0118	0xD7F8      	BRA         L__printLetter13
L__printLetter14:
0x011A	0xFF82C000  	MOVFF       R0, PORTC
;POV.c,289 :: 		delay_ms(3);//Ancho letra
0x011E	0x0E08      	MOVLW       8
0x0120	0x6E0C      	MOVWF       R12, 0
0x0122	0x0EC9      	MOVLW       201
0x0124	0x6E0D      	MOVWF       R13, 0
L_printLetter3:
0x0126	0x2E0D      	DECFSZ      R13, 1, 0
0x0128	0xD7FE      	BRA         L_printLetter3
0x012A	0x2E0C      	DECFSZ      R12, 1, 0
0x012C	0xD7FC      	BRA         L_printLetter3
0x012E	0x0000      	NOP
0x0130	0x0000      	NOP
;POV.c,286 :: 		for(i=1; i<letter[0]; i++){
0x0132	0x4A05      	INFSNZ      R5, 1 
0x0134	0x2A06      	INCF        R6, 1 
;POV.c,290 :: 		}
0x0136	0xD7B2      	BRA         L_printLetter0
L_printLetter1:
;POV.c,292 :: 		return;
;POV.c,293 :: 		}
L_end_printLetter:
0x0138	0x0012      	RETURN      0
; end of _printLetter
___CC2DW:
;__Lib_System.c,21 :: 		
;__Lib_System.c,23 :: 		
_CC2DL_Loop1:
;__Lib_System.c,24 :: 		
0x013A	0x0009      	TBLRD*+
;__Lib_System.c,25 :: 		
0x013C	0xFFE6CFF5  	MOVFF       TABLAT, POSTINC1
;__Lib_System.c,26 :: 		
0x0140	0x0600      	DECF        R0, 1, 0
;__Lib_System.c,27 :: 		
0x0142	0xE1FB      	BNZ         _CC2DL_Loop1
;__Lib_System.c,28 :: 		
0x0144	0x0601      	DECF        R1, 1, 0
;__Lib_System.c,29 :: 		
0x0146	0xE1F9      	BNZ         _CC2DL_Loop1
;__Lib_System.c,31 :: 		
L_end___CC2DW:
0x0148	0x0012      	RETURN      0
; end of ___CC2DW
_main:
0x014A	0xF000ECD6  	CALL        428, 0
;POV.c,311 :: 		void main(){
;POV.c,313 :: 		init();
0x014E	0xDF8D      	RCALL       _init
;POV.c,315 :: 		T0CON.TMR0ON = 1; //On
0x0150	0x8ED5      	BSF         T0CON, 7 
;POV.c,316 :: 		while(1){};
L_main8:
0x0152	0xD7FF      	BRA         L_main8
;POV.c,318 :: 		}
L_end_main:
0x0154	0xD7FF      	BRA         $+0
; end of _main
0x01AC	0xF017EE10  	LFSR        1, 23
0x01B0	0x0E56      	MOVLW       86
0x01B2	0x6E00      	MOVWF       R0 
0x01B4	0x0E01      	MOVLW       1
0x01B6	0x6E01      	MOVWF       R1 
0x01B8	0x0E56      	MOVLW       86
0x01BA	0x6EF6      	MOVWF       4086 
0x01BC	0x0E01      	MOVLW       1
0x01BE	0x6EF7      	MOVWF       TBLPTRH 
0x01C0	0x0E00      	MOVLW       0
0x01C2	0x6EF8      	MOVWF       TBLPTRU 
0x01C4	0xF000EC9D  	CALL        314, 0
0x01C8	0x0012      	RETURN      0
;POV.c,0 :: ?ICS__I
0x0156	0x0002 ;?ICS__I+0
0x0158	0x00FE ;?ICS__I+2
0x015A	0x0000 ;?ICS__I+4
; end of ?ICS__I
;POV.c,0 :: ?ICS_MsgLen
0x015C	0x0008 ;?ICS_MsgLen+0
; end of ?ICS_MsgLen
;POV.c,0 :: ?ICS_Msg
0x015E	0x0041 ;?ICS_Msg+0
0x0160	0x0053 ;?ICS_Msg+2
0x0162	0x0061 ;?ICS_Msg+4
0x0164	0x0053 ;?ICS_Msg+6
0x0166	0x002F ;?ICS_Msg+8
0x0168	0x0053 ;?ICS_Msg+10
0x016A	0x0017 ;?ICS_Msg+12
0x016C	0x0053 ;?ICS_Msg+14
; end of ?ICS_Msg
;POV.c,0 :: ?ICS__V
0x016E	0x0008 ;?ICS__V+0
0x0170	0x0002 ;?ICS__V+2
0x0172	0x001C ;?ICS__V+4
0x0174	0x0060 ;?ICS__V+6
0x0176	0x00C0 ;?ICS__V+8
0x0178	0x0030 ;?ICS__V+10
0x017A	0x000E ;?ICS__V+12
0x017C	0x0002 ;?ICS__V+14
0x017E	0x0000 ;?ICS__V+16
; end of ?ICS__V
;POV.c,0 :: ?ICS__A
0x0180	0x0008 ;?ICS__A+0
0x0182	0x00C0 ;?ICS__A+2
0x0184	0x0070 ;?ICS__A+4
0x0186	0x002C ;?ICS__A+6
0x0188	0x0027 ;?ICS__A+8
0x018A	0x0038 ;?ICS__A+10
0x018C	0x00E0 ;?ICS__A+12
0x018E	0x0080 ;?ICS__A+14
0x0190	0x0000 ;?ICS__A+16
; end of ?ICS__A
;POV.c,0 :: ?ICS_ss
0x0192	0x0006 ;?ICS_ss+0
0x0194	0x0000 ;?ICS_ss+2
0x0196	0x0000 ;?ICS_ss+4
0x0198	0x0000 ;?ICS_ss+6
0x019A	0x0000 ;?ICS_ss+8
0x019C	0x0000 ;?ICS_ss+10
0x019E	0x0000 ;?ICS_ss+12
; end of ?ICS_ss
;POV.c,0 :: ?ICS__L
0x01A0	0x0005 ;?ICS__L+0
0x01A2	0x00FE ;?ICS__L+2
0x01A4	0x0080 ;?ICS__L+4
0x01A6	0x0080 ;?ICS__L+6
0x01A8	0x0080 ;?ICS__L+8
0x01AA	0x0000 ;?ICS__L+10
; end of ?ICS__L
Symbol List:
//** Routines locations **
//ADDRESS    SIZE    PROCEDURE
//----------------------------------------------
0x0008      [98]    _interrupt
0x006A      [42]    _init
0x0094     [166]    _printLetter
0x013A      [16]    ___CC2DW
0x014A      [12]    _main
//** Variables locations ** 
//ADDRESS    SIZE    VARIABLE
//----------------------------------------------
0x0000       [1]    SPI1_Write_tmp_L0
0x0000       [1]    UART1_Init_tmp_L0
0x0000       [1]    FLASH_Erase_64_SaveINTCON_L0
0x0000       [1]    __Lib_SoftI2C_PutZerosToLATSda_temp_sda_L0
0x0000       [1]    __Lib_SoftI2C_PutZerosToLATScl_temp_scl_L0
0x0000       [1]    EEPROM_Write_SaveINTCON_L0
0x0000       [1]    R0
0x0001       [1]    ispunct_rslt_L0
0x0001       [1]    R1
0x0001       [1]    FLASH_Write_32_i_L0
0x0001       [1]    __Lib_TFT_16bit_JPEG_FileReadBytes_Result_L0
0x0001       [1]    FLASH_Erase_Write_64_i_L0
0x0001       [1]    __Lib_TFT_16bit_JPEG_FileRead_i_L0
0x0001       [1]    __Lib_TFT_JPEG_FileReadBytes_Result_L0
0x0001       [1]    __Lib_PS2_Wait_Falling_nsample_L0
0x0001       [1]    I2C1_Rd_tmp_L0
0x0001       [1]    __Lib_TFT_JPEG_FileRead_i_L0
0x0001       [2]    FLASH_Read_N_Bytes_i_L0
0x0001       [1]    UART1_Read___tmp_UART1_Read_L0
0x0002       [2]    memset_pp_L0
0x0002       [1]    FLASH_Erase_Write_64_j_L0
0x0002       [2]    __Lib_USB_genHID_memset_usb_int_pp_L0
0x0002       [2]    strlen_cp_L0
0x0002       [1]    FLASH_Write_32_SaveINTCON_L0
0x0002       [1]    __Lib_USB_genHID_USB_CtrlTrf_Rx_Service_byteToRead_L0
0x0002       [2]    __Lib_USB_genHID_memset_usb_pp_L0
0x0002       [1]    R2
0x0002       [2]    memcpy_dd_L0
0x0002       [2]    memchr_s_L0
0x0003       [1]    MM_Init_i_L0
0x0003       [2]    Ltrim_original_L0
0x0003       [1]    R3
0x0003       [2]    memmove_tt_L0
0x0003       [2]    __Lib_MmcFat16_f16_toInt_l_L0
0x0003       [1]    __Lib_USB_genHID_USB_CtrlTrf_Rx_Service_i_L0
0x0003       [2]    MM_TotalFreeMemSize_Tot_L0
0x0003       [1]    FLASH_Erase_Write_64_SaveINTCON_L0
0x0003       [2]    __Lib_USB_genHID_USB_CtrlTrf_Tx_Service_byteToSend_L0
0x0004       [2]    __Lib_USB_genHID_USB_Transfer_Packet_Int_handle_L0
0x0004       [2]    __Lib_USB_genHID_USB_Transfer_Packet_handle_L0
0x0004       [2]    __Lib_USB_genHID_USB_Get_Status_Handler_p_L2
0x0004       [2]    strcat_cp_L0
0x0004       [2]    strcpy_cp_L0
0x0004       [2]    __Lib_MemManager_MM_GetMemAlign_P_L0
0x0004       [2]    __Lib_USB_genHID_USB_Std_Feature_Req_Handler_p_L0
0x0004       [2]    memcpy_ss_L0
0x0004       [2]    strncpy_cp_L0
0x0004       [2]    frexp_pom_L0
0x0004       [1]    R4
0x0004       [2]    strncat_cp_L0
0x0005       [2]    LongWordToHex_input_half_L0
0x0005       [2]    LongIntToHex_input_half_L0
0x0005       [1]    MM_TotalFreeMemSize_i_L0
0x0005       [2]    printLetter_i_L0
0x0005       [2]    Ltrim_p_L0
0x0005       [1]    R5
0x0005       [2]    __Lib_USB_genHID_USB_Configure_Endpoint_handle_L0
0x0005       [2]    memmove_ff_L0
0x0006       [1]    __Lib_MemManager_MM_GetMemAlign_i_L0
0x0006       [1]    R6
0x0007       [1]    __Lib_TFT_16bit_JPEG_GenerateHuffmanTables_bLength_L0
0x0007       [1]    R7
0x0007       [1]    __Lib_TFT_JPEG_GenerateHuffmanTables_bLength_L0
0x0008       [1]    R8
0x0008       [1]    __Lib_TFT_16bit_JPEG_GenerateHuffmanTables_bTable_L0
0x0008       [1]    __Lib_TFT_JPEG_GenerateHuffmanTables_bTable_L0
0x0009       [1]    R9
0x0009       [4]    __Lib_MmcFat16_f16_toLong_l_L0
0x000A       [1]    R10
0x000B       [1]    R11
0x000C       [1]    R12
0x000D       [1]    R13
0x000E       [1]    R14
0x000F       [1]    R15
0x0010       [1]    R16
0x0011       [1]    R17
0x0012       [1]    R18
0x0013       [1]    R19
0x0014       [1]    R20
0x0017       [6]    __I
0x001D       [2]    _MsgLen
0x001F      [16]    _Msg
0x002F      [18]    __V
0x0041      [18]    __A
0x0053      [14]    _ss
0x0061      [12]    __L
0x006D       [2]    interrupt_i_L0
0x006F       [2]    FARG_printLetter_letter
0x0F80       [1]    PORTA
0x0F82       [1]    PORTC
0x0F92       [1]    TRISA
0x0F94       [1]    TRISC
0x0FD5       [1]    T0CON
0x0FD8       [1]    STATUS
0x0FD9       [1]    FSR2L
0x0FDA       [1]    FSR2H
0x0FDE       [1]    POSTINC2
0x0FE0       [1]    BSR
0x0FE1       [1]    FSR1L
0x0FE2       [1]    FSR1H
0x0FE4       [1]    PREINC1
0x0FE6       [1]    POSTINC1
0x0FE7       [1]    INDF1
0x0FE8       [1]    WREG
0x0FE9       [1]    FSR0L
0x0FEA       [1]    FSR0H
0x0FEE       [1]    POSTINC0
0x0FF2       [1]    INTCON
0x0FF3       [1]    PRODL
0x0FF4       [1]    PRODH
0x0FF5       [1]    TABLAT
0x0FF6       [1]    TBLPTRL
0x0FF7       [1]    TBLPTRH
0x0FF8       [1]    TBLPTRU
//** Constants locations ** 
//ADDRESS    SIZE    CONSTANT
//----------------------------------------------
0x0156       [6]    ?ICS__I
0x015C       [2]    ?ICS_MsgLen
0x015E      [16]    ?ICS_Msg
0x016E      [18]    ?ICS__V
0x0180      [18]    ?ICS__A
0x0192      [14]    ?ICS_ss
0x01A0      [12]    ?ICS__L
//** Label List: ** 
//----------------------------------------------
  L_printLetter0
  L_printLetter1
  L_printLetter2
  L_printLetter3
  L_interrupt4
  L_interrupt5
  L_interrupt6
  L_interrupt7
  L_main8
  L_main9
  L_end_init
  _init
  L_end_printLetter
  _printLetter
  L__printLetter12
  L__printLetter13
  L__printLetter14
  L_end_interrupt
  _interrupt
  L__interrupt16
  L__interrupt17
  L_end_main
  _main
  _CC2D_Loop1
  _CC2DL_Loop1
  L_loopCA2AWs
  L_loopCCA2AWs
  L_loopCS2Ss
  L_CS2Send
  L_loopCCS2Ss
  L_CCS2Send
  L_loopFZinSWs
  L_longjmp7
  L_end___CC2D
  ___CC2D
  L_end___CC2DW
  ___CC2DW
  L_end___CA2AW
  ___CA2AW
  L_end___CCA2AW
  ___CCA2AW
  L_end___CS2S
  ___CS2S
  L_end___CCS2S
  ___CCS2S
  L_end___FZinS
  ___FZinS
  L_end_____DoIFC
  _____DoIFC
  L_end_Swap
  _Swap
  L_end_setjmp
  _setjmp
  L_end_longjmp
  _longjmp
  L_printLetter0
  L_printLetter1
  L_printLetter2
  L_printLetter3
  L_interrupt4
  L_interrupt5
  L_interrupt6
  L_interrupt7
  L_main8
  L_main9
  L_end_init
  _init
  L_end_printLetter
  _printLetter
  L__printLetter12
  L__printLetter13
  L__printLetter14
  L_end_interrupt
  _interrupt
  L__interrupt16
  L__interrupt17
  L_end_main
  _main
