;  LST file generated by mikroListExporter - v.2.0 
; Date/Time: 2/12/2015 12:13:21 AM
;----------------------------------------------

;Address Opcode 	ASM
0x0000	0xF000EF39  	GOTO        114
_interrupt:
;Timer0.c,28 :: 		void interrupt(void){
0x0008	0xF016C000  	MOVFF       R0, 22
0x000C	0xF015C001  	MOVFF       R1, 21
;Timer0.c,30 :: 		INTCON.TMR0IE = 0;//TMR0 Overflow Interrupt Enable
0x0010	0x9AF2      	BCF         INTCON, 5 
;Timer0.c,32 :: 		if(INTCON.TMR0IF){
0x0012	0xA4F2      	BTFSS       INTCON, 2 
0x0014	0xD00F      	BRA         L_interrupt0
;Timer0.c,34 :: 		PORTA.RA0 =  PORTA.RA0 > 0 ? 0:1;
0x0016	0x6A01      	CLRF        R1 
0x0018	0xB080      	BTFSC       PORTA, 0 
0x001A	0x2A01      	INCF        R1, 1 
0x001C	0x5001      	MOVF        R1, 0 
0x001E	0x0800      	SUBLW       0
0x0020	0xE202      	BC          L_interrupt1
0x0022	0x6A00      	CLRF        R0 
0x0024	0xD002      	BRA         L_interrupt2
L_interrupt1:
0x0026	0x0E01      	MOVLW       1
0x0028	0x6E00      	MOVWF       R0 
L_interrupt2:
0x002A	0xB000      	BTFSC       R0, 0 
0x002C	0xD002      	BRA         L__interrupt8
0x002E	0x9080      	BCF         PORTA, 0 
0x0030	0xD001      	BRA         L__interrupt9
L__interrupt8:
0x0032	0x8080      	BSF         PORTA, 0 
L__interrupt9:
;Timer0.c,35 :: 		}
L_interrupt0:
;Timer0.c,37 :: 		INTCON.TMR0IF = 0;
0x0034	0x94F2      	BCF         INTCON, 2 
;Timer0.c,39 :: 		INTCON.TMR0IE = 1;//TMR0 Overflow Interrupt Enable
0x0036	0x8AF2      	BSF         INTCON, 5 
;Timer0.c,40 :: 		}
L_end_interrupt:
L__interrupt7:
0x0038	0xF000C016  	MOVFF       22, R0
0x003C	0xF001C015  	MOVFF       21, R1
0x0040	0x0011      	RETFIE      1
; end of _interrupt
___CC2DW:
;__Lib_System.c,21 :: 		
;__Lib_System.c,23 :: 		
_CC2DL_Loop1:
;__Lib_System.c,24 :: 		
0x0042	0x0009      	TBLRD*+
;__Lib_System.c,25 :: 		
0x0044	0xFFE6CFF5  	MOVFF       TABLAT, POSTINC1
;__Lib_System.c,26 :: 		
0x0048	0x0600      	DECF        R0, 1, 0
;__Lib_System.c,27 :: 		
0x004A	0xE1FB      	BNZ         _CC2DL_Loop1
;__Lib_System.c,28 :: 		
0x004C	0x0601      	DECF        R1, 1, 0
;__Lib_System.c,29 :: 		
0x004E	0xE1F9      	BNZ         _CC2DL_Loop1
;__Lib_System.c,31 :: 		
L_end___CC2DW:
0x0050	0x0012      	RETURN      0
; end of ___CC2DW
_init:
;Timer0.c,3 :: 		void init(void){
;Timer0.c,7 :: 		TRISA = 0;
0x0052	0x6A92      	CLRF        TRISA 
;Timer0.c,9 :: 		TRISC.RC0 = 0;
0x0054	0x9094      	BCF         TRISC, 0 
;Timer0.c,10 :: 		TRISC.RC1 = 0;
0x0056	0x9294      	BCF         TRISC, 1 
;Timer0.c,12 :: 		T0CON.TMR0ON = 0; //Off
0x0058	0x9ED5      	BCF         T0CON, 7 
;Timer0.c,13 :: 		T0CON.T08BIT = 0; //16 bit
0x005A	0x9CD5      	BCF         T0CON, 6 
;Timer0.c,14 :: 		T0CON.T0CS = 0;//Internal instruction cycle clock (CLKO)
0x005C	0x9AD5      	BCF         T0CON, 5 
;Timer0.c,15 :: 		T0CON.T0SE = 0;//Rising Edge
0x005E	0x98D5      	BCF         T0CON, 4 
;Timer0.c,16 :: 		T0CON.PSA = 0;//Timer0 clock input comes from prescaler output.
0x0060	0x96D5      	BCF         T0CON, 3 
;Timer0.c,17 :: 		T0CON.T0PS2 = 1; //Prescaler 32
0x0062	0x84D5      	BSF         T0CON, 2 
;Timer0.c,18 :: 		T0CON.T0PS1 = 0;
0x0064	0x92D5      	BCF         T0CON, 1 
;Timer0.c,19 :: 		T0CON.T0PS0 = 0;
0x0066	0x90D5      	BCF         T0CON, 0 
;Timer0.c,21 :: 		INTCON.GIE = 1;//Global Interrupt Enable
0x0068	0x8EF2      	BSF         INTCON, 7 
;Timer0.c,22 :: 		INTCON.PEIE = 0;//Peripheral Interrupt Disable
0x006A	0x9CF2      	BCF         INTCON, 6 
;Timer0.c,23 :: 		INTCON.INT0IE = 0;//INT0 External Interrupt Disable
0x006C	0x98F2      	BCF         INTCON, 4 
;Timer0.c,24 :: 		INTCON.TMR0IE = 1;//TMR0 Overflow Interrupt Enable
0x006E	0x8AF2      	BSF         INTCON, 5 
;Timer0.c,25 :: 		}
L_end_init:
0x0070	0x0012      	RETURN      0
; end of _init
_main:
;Timer0.c,43 :: 		void main(){
;Timer0.c,44 :: 		init();
0x0072	0xDFEF      	RCALL       _init
;Timer0.c,46 :: 		T0CON.TMR0ON = 1; //On
0x0074	0x8ED5      	BSF         T0CON, 7 
;Timer0.c,47 :: 		PORTB=0xff;
0x0076	0x0EFF      	MOVLW       255
0x0078	0x6E81      	MOVWF       PORTB 
;Timer0.c,48 :: 		while(1){};
L_main3:
0x007A	0xD7FF      	BRA         L_main3
;Timer0.c,49 :: 		}
L_end_main:
0x007C	0xD7FF      	BRA         $+0
; end of _main
Symbol List:
//** Routines locations **
//ADDRESS    SIZE    PROCEDURE
//----------------------------------------------
0x0008      [58]    _interrupt
0x0042      [16]    ___CC2DW
0x0052      [32]    _init
0x0072      [12]    _main
//** Variables locations ** 
//ADDRESS    SIZE    VARIABLE
//----------------------------------------------
0x0000       [1]    __Lib_SoftI2C_PutZerosToLATSda_temp_sda_L0
0x0000       [1]    SPI1_Write_tmp_L0
0x0000       [1]    UART1_Init_tmp_L0
0x0000       [1]    __Lib_SoftI2C_PutZerosToLATScl_temp_scl_L0
0x0000       [1]    R0
0x0000       [1]    FLASH_Erase_64_SaveINTCON_L0
0x0000       [1]    EEPROM_Write_SaveINTCON_L0
0x0001       [2]    FLASH_Read_N_Bytes_i_L0
0x0001       [1]    __Lib_PS2_Wait_Falling_nsample_L0
0x0001       [1]    __Lib_TFT_JPEG_FileRead_i_L0
0x0001       [1]    __Lib_TFT_JPEG_FileReadBytes_Result_L0
0x0001       [1]    __Lib_TFT_16bit_JPEG_FileReadBytes_Result_L0
0x0001       [1]    FLASH_Write_32_i_L0
0x0001       [1]    FLASH_Erase_Write_64_i_L0
0x0001       [1]    ispunct_rslt_L0
0x0001       [1]    R1
0x0001       [1]    __Lib_TFT_16bit_JPEG_FileRead_i_L0
0x0001       [1]    UART1_Read___tmp_UART1_Read_L0
0x0001       [1]    I2C1_Rd_tmp_L0
0x0002       [2]    memchr_s_L0
0x0002       [1]    __Lib_USB_genHID_USB_CtrlTrf_Rx_Service_byteToRead_L0
0x0002       [2]    memcpy_dd_L0
0x0002       [1]    FLASH_Erase_Write_64_j_L0
0x0002       [2]    memset_pp_L0
0x0002       [1]    R2
0x0002       [1]    FLASH_Write_32_SaveINTCON_L0
0x0002       [2]    __Lib_USB_genHID_memset_usb_int_pp_L0
0x0002       [2]    strlen_cp_L0
0x0002       [2]    __Lib_USB_genHID_memset_usb_pp_L0
0x0003       [1]    R3
0x0003       [2]    memmove_tt_L0
0x0003       [1]    FLASH_Erase_Write_64_SaveINTCON_L0
0x0003       [2]    __Lib_USB_genHID_USB_CtrlTrf_Tx_Service_byteToSend_L0
0x0003       [1]    __Lib_USB_genHID_USB_CtrlTrf_Rx_Service_i_L0
0x0003       [2]    MM_TotalFreeMemSize_Tot_L0
0x0003       [2]    __Lib_MmcFat16_f16_toInt_l_L0
0x0003       [2]    Ltrim_original_L0
0x0003       [1]    MM_Init_i_L0
0x0004       [2]    memcpy_ss_L0
0x0004       [2]    __Lib_USB_genHID_USB_Get_Status_Handler_p_L2
0x0004       [2]    __Lib_USB_genHID_USB_Std_Feature_Req_Handler_p_L0
0x0004       [2]    __Lib_USB_genHID_USB_Transfer_Packet_handle_L0
0x0004       [2]    strncpy_cp_L0
0x0004       [2]    strcpy_cp_L0
0x0004       [2]    __Lib_MemManager_MM_GetMemAlign_P_L0
0x0004       [2]    frexp_pom_L0
0x0004       [2]    __Lib_USB_genHID_USB_Transfer_Packet_Int_handle_L0
0x0004       [1]    R4
0x0004       [2]    strcat_cp_L0
0x0004       [2]    strncat_cp_L0
0x0005       [1]    MM_TotalFreeMemSize_i_L0
0x0005       [2]    Ltrim_p_L0
0x0005       [2]    memmove_ff_L0
0x0005       [2]    __Lib_USB_genHID_USB_Configure_Endpoint_handle_L0
0x0005       [2]    LongWordToHex_input_half_L0
0x0005       [2]    LongIntToHex_input_half_L0
0x0005       [1]    R5
0x0006       [1]    R6
0x0006       [1]    __Lib_MemManager_MM_GetMemAlign_i_L0
0x0007       [1]    __Lib_TFT_16bit_JPEG_GenerateHuffmanTables_bLength_L0
0x0007       [1]    __Lib_TFT_JPEG_GenerateHuffmanTables_bLength_L0
0x0007       [1]    R7
0x0008       [1]    __Lib_TFT_JPEG_GenerateHuffmanTables_bTable_L0
0x0008       [1]    __Lib_TFT_16bit_JPEG_GenerateHuffmanTables_bTable_L0
0x0008       [1]    R8
0x0009       [1]    R9
0x0009       [4]    __Lib_MmcFat16_f16_toLong_l_L0
0x000A       [1]    R10
0x000B       [1]    R11
0x000C       [1]    R12
0x000D       [1]    R13
0x000E       [1]    R14
0x000F       [1]    R15
0x0010       [1]    R16
0x0011       [1]    R17
0x0012       [1]    R18
0x0013       [1]    R19
0x0014       [1]    R20
0x0F80       [1]    PORTA
0x0F81       [1]    PORTB
0x0F92       [1]    TRISA
0x0F94       [1]    TRISC
0x0FD5       [1]    T0CON
0x0FD8       [1]    STATUS
0x0FD9       [1]    FSR2L
0x0FDA       [1]    FSR2H
0x0FDE       [1]    POSTINC2
0x0FE0       [1]    BSR
0x0FE1       [1]    FSR1L
0x0FE2       [1]    FSR1H
0x0FE4       [1]    PREINC1
0x0FE6       [1]    POSTINC1
0x0FE7       [1]    INDF1
0x0FE8       [1]    WREG
0x0FE9       [1]    FSR0L
0x0FEA       [1]    FSR0H
0x0FEE       [1]    POSTINC0
0x0FF2       [1]    INTCON
0x0FF3       [1]    PRODL
0x0FF4       [1]    PRODH
0x0FF5       [1]    TABLAT
0x0FF6       [1]    TBLPTRL
0x0FF7       [1]    TBLPTRH
0x0FF8       [1]    TBLPTRU
//** Label List: ** 
//----------------------------------------------
  L_interrupt0
  L_interrupt1
  L_interrupt2
  L_main3
  L_main4
  L_end_init
  _init
  L_end_interrupt
  _interrupt
  L__interrupt7
  L__interrupt8
  L__interrupt9
  L_end_main
  _main
  _CC2D_Loop1
  _CC2DL_Loop1
  L_loopCA2AWs
  L_loopCCA2AWs
  L_loopCS2Ss
  L_CS2Send
  L_loopCCS2Ss
  L_CCS2Send
  L_loopFZinSWs
  L_longjmp7
  L_end___CC2D
  ___CC2D
  L_end___CC2DW
  ___CC2DW
  L_end___CA2AW
  ___CA2AW
  L_end___CCA2AW
  ___CCA2AW
  L_end___CS2S
  ___CS2S
  L_end___CCS2S
  ___CCS2S
  L_end___FZinS
  ___FZinS
  L_end_____DoIFC
  _____DoIFC
  L_end_Swap
  _Swap
  L_end_setjmp
  _setjmp
  L_end_longjmp
  _longjmp
  L_interrupt0
  L_interrupt1
  L_interrupt2
  L_main3
  L_main4
  L_end_init
  _init
  L_end_interrupt
  _interrupt
  L__interrupt7
  L__interrupt8
  L__interrupt9
  L_end_main
  _main
